<?xml version="1.0" encoding="UTF-8"?>
<!-- Generated by org.testng.reporters.JUnitReportReporter -->
<testsuite hostname="MAVCHN1121232" failures="0" tests="2" name="com.maveric.git.test.LoginTest" time="0.000" errors="0" timestamp="2024-06-21T11:59:49 IST" skipped="2">
  <testcase classname="com.maveric.git.test.LoginTest" name="test1" time="0.000">
    <skipped/>
  </testcase> <!-- test1 -->
  <system-out/>
  <testcase classname="com.maveric.git.test.LoginTest" name="test2" time="0.000">
    <skipped/>
  </testcase> <!-- test2 -->
  <system-out/>
</testsuite> <!-- com.maveric.git.test.LoginTest -->
