<?xml version="1.0" encoding="UTF-8"?>
<!-- Generated by org.testng.reporters.JUnitReportReporter -->
<testsuite hostname="MAVCHN1121232" failures="0" tests="1" name="com.maveric.yatra.test.YatraTest" time="6.432" errors="0" timestamp="2024-07-05T16:27:15 IST" skipped="0">
  <testcase classname="com.maveric.yatra.test.YatraTest" name="test1" time="6.432"/>
</testsuite> <!-- com.maveric.yatra.test.YatraTest -->
