<?xml version="1.0" encoding="UTF-8"?>
<!-- Generated by org.testng.reporters.JUnitReportReporter -->
<testsuite hostname="MAVCHN1121232" failures="0" tests="2" name="com.maveric.project.suite.SampleTest1" time="0.010" errors="0" timestamp="2024-06-18T12:43:46 IST" skipped="0">
  <testcase classname="com.maveric.project.suite.SampleTest1" name="test1" time="0.006"/>
  <testcase classname="com.maveric.project.suite.SampleTest1" name="test2" time="0.004"/>
</testsuite> <!-- com.maveric.project.suite.SampleTest1 -->
