<?xml version="1.0" encoding="UTF-8"?>
<!-- Generated by org.testng.reporters.JUnitReportReporter -->
<testsuite hostname="MAVCHN1121232" failures="0" tests="1" name="com.maveric.project.suite.TestSuite" time="0.006" errors="0" timestamp="2024-06-18T11:07:54 IST" skipped="0">
  <testcase classname="com.maveric.project.suite.TestSuite" name="f" time="0.006"/>
</testsuite> <!-- com.maveric.project.suite.TestSuite -->
