<?xml version="1.0" encoding="UTF-8"?>
<!-- Generated by org.testng.reporters.JUnitReportReporter -->
<testsuite hostname="MAVCHN1121232" failures="0" tests="1" name="com.maveric.project.test.RegisterTest" time="24.101" errors="0" timestamp="2024-06-20T17:53:12 IST" skipped="0">
  <testcase classname="com.maveric.project.test.RegisterTest" name="test1" time="24.101"/>
  <system-out/>
</testsuite> <!-- com.maveric.project.test.RegisterTest -->
