<?xml version="1.0" encoding="UTF-8"?>
<!-- Generated by org.testng.reporters.JUnitReportReporter -->
<testsuite hostname="MAVCHN1121232" failures="0" tests="1" name="com.maveric.project.test.RestApiTest" time="1.931" errors="0" timestamp="2024-07-02T12:00:18 IST" skipped="0">
  <testcase classname="com.maveric.project.test.RestApiTest" name="test10" time="1.931"/>
  <system-out/>
</testsuite> <!-- com.maveric.project.test.RestApiTest -->
