<?xml version="1.0" encoding="UTF-8"?>
<!-- Generated by org.testng.reporters.JUnitReportReporter -->
<testsuite hostname="MAVCHN1121232" failures="0" tests="15" name="com.maveric.project.test.RestApiTest" time="9.109" errors="0" timestamp="2024-07-09T15:52:48 IST" skipped="1">
  <testcase classname="com.maveric.project.test.RestApiTest" name="test15" time="0.446"/>
  <testcase classname="com.maveric.project.test.RestApiTest" name="test3" time="0.070"/>
  <testcase classname="com.maveric.project.test.RestApiTest" name="test14" time="0.387"/>
  <testcase classname="com.maveric.project.test.RestApiTest" name="test13" time="0.437"/>
  <testcase classname="com.maveric.project.test.RestApiTest" name="test1" time="1.040"/>
  <testcase classname="com.maveric.project.test.RestApiTest" name="test7" time="3.407"/>
  <testcase classname="com.maveric.project.test.RestApiTest" name="test4" time="0.077"/>
  <testcase classname="com.maveric.project.test.RestApiTest" name="test6" time="0.105"/>
  <testcase classname="com.maveric.project.test.RestApiTest" name="test5" time="0.098"/>
  <testcase classname="com.maveric.project.test.RestApiTest" name="test11" time="0.407"/>
  <testcase classname="com.maveric.project.test.RestApiTest" name="test9" time="0.387"/>
  <testcase classname="com.maveric.project.test.RestApiTest" name="test10" time="0.439"/>
  <testcase classname="com.maveric.project.test.RestApiTest" name="test12" time="0.912"/>
  <testcase classname="com.maveric.project.test.RestApiTest" name="test8" time="0.897"/>
  <testcase classname="com.maveric.project.test.RestApiTest" name="test2">
    <skipped/>
  </testcase> <!-- test2 -->
</testsuite> <!-- com.maveric.project.test.RestApiTest -->
