<?xml version="1.0" encoding="UTF-8"?>
<!-- Generated by org.testng.reporters.JUnitReportReporter -->
<testsuite hostname="MAVCHN1121232" failures="0" tests="2" name="com.maveric.project.test.SecuredFakeApiTest" time="1.352" errors="0" timestamp="2024-07-04T15:26:38 IST" skipped="1">
  <testcase classname="com.maveric.project.test.SecuredFakeApiTest" name="test9" time="1.352"/>
  <testcase classname="com.maveric.project.test.SecuredFakeApiTest" name="test6">
    <skipped/>
  </testcase> <!-- test6 -->
</testsuite> <!-- com.maveric.project.test.SecuredFakeApiTest -->
